Using pre-set license
Built from '2020.2/release' branch; Version is '2020.2.1f1 (270dd8c3da1c) revision 2559448'; Using compiler version '192528614'; Build Type 'Release'
OS: 'Windows 10  (10.0.0) 64bit' Language: 'en' Physical Memory: 16333 MB
BatchMode: 1, IsHumanControllingUs: 0, StartBugReporterOnCrash: 0, Is64bit: 1, IsPro: 0

 COMMAND LINE ARGUMENTS:
C:\Program Files\Unity\Hub\Editor\2020.2.1f1\Editor\Unity.exe
-adb2
-batchMode
-noUpm
-name
AssetImportWorker0
-projectPath
D:/Bouncy Battlee/Bouncy Battlee (1)
-logFile
Logs/AssetImportWorker0.log
-srvPort
3716
Successfully changed project path to: D:/Bouncy Battlee/Bouncy Battlee (1)
D:/Bouncy Battlee/Bouncy Battlee (1)
Using Asset Import Pipeline V2.
Refreshing native plugins compatible for Editor in 65.94 ms, found 0 plugins.
Preloading 0 native plugins for Editor in 0.00 ms.
Initialize engine version: 2020.2.1f1 (270dd8c3da1c)
[Subsystems] Discovering subsystems at path C:/Program Files/Unity/Hub/Editor/2020.2.1f1/Editor/Data/Resources/UnitySubsystems
[Subsystems] Discovering subsystems at path D:/Bouncy Battlee/Bouncy Battlee (1)/Assets
GfxDevice: creating device client; threaded=0
Direct3D:
    Version:  Direct3D 11.0 [level 11.1]
    Renderer: NVIDIA GeForce GTX 1660 (ID=0x2184)
    Vendor:   
    VRAM:     5991 MB
    Driver:   27.21.14.6192
Shader 'Universal Render Pipeline/Particles/Lit': fallback shader 'Universal Render Pipeline/Particles/SimpleLit' not found
Initialize mono
Mono path[0] = 'C:/Program Files/Unity/Hub/Editor/2020.2.1f1/Editor/Data/Managed'
Mono path[1] = 'C:/Program Files/Unity/Hub/Editor/2020.2.1f1/Editor/Data/MonoBleedingEdge/lib/mono/unityjit'
Mono config path = 'C:/Program Files/Unity/Hub/Editor/2020.2.1f1/Editor/Data/MonoBleedingEdge/etc'
Using monoOptions --debugger-agent=transport=dt_socket,embedding=1,server=y,suspend=n,address=127.0.0.1:56852
Begin MonoManager ReloadAssembly
Registering precompiled unity dll's ...
Register platform support module: C:/Program Files/Unity/Hub/Editor/2020.2.1f1/Editor/Data/PlaybackEngines/WindowsStandaloneSupport/UnityEditor.WindowsStandalone.Extensions.dll
Registered in 0.002297 seconds.
Native extension for WindowsStandalone target not found
Refreshing native plugins compatible for Editor in 63.85 ms, found 0 plugins.
Preloading 0 native plugins for Editor in 0.00 ms.
Invoked RoslynAnalysisRunner static constructor.
RoslynAnalysisRunner will not be running.
RoslynAnalysisRunner has terminated.
Mono: successfully reloaded assembly
- Completed reload, in  1.203 seconds
Platform modules already initialized, skipping
Registering precompiled user dll's ...
Registered in 0.002476 seconds.
Begin MonoManager ReloadAssembly
Symbol file LoadedFromMemory is not a mono symbol file
Native extension for WindowsStandalone target not found
Refreshing native plugins compatible for Editor in 66.04 ms, found 0 plugins.
Preloading 0 native plugins for Editor in 0.00 ms.
Invoked RoslynAnalysisRunner static constructor.
RoslynAnalysisRunner will not be running.
RoslynAnalysisRunner has terminated.
Mono: successfully reloaded assembly
- Completed reload, in  1.335 seconds
Platform modules already initialized, skipping
========================================================================
Worker process is ready to serve import requests
Shader 'Universal Render Pipeline/Particles/Lit': fallback shader 'Universal Render Pipeline/Particles/SimpleLit' not found
Launched and connected shader compiler UnityShaderCompiler.exe after 0.06 seconds
Refreshing native plugins compatible for Editor in 0.62 ms, found 0 plugins.
Preloading 0 native plugins for Editor in 0.00 ms.
Unloading 3665 Unused Serialized files (Serialized files now loaded: 0)
System memory in use before: 160.6 MB.
System memory in use after: 160.8 MB.

Unloading 144 unused Assets to reduce memory usage. Loaded Objects now: 4104.
Total: 2.931900 ms (FindLiveObjects: 0.337100 ms CreateObjectMapping: 0.100100 ms MarkObjects: 2.299600 ms  DeleteObjects: 0.194100 ms)

========================================================================
Received Import Request.
  path: Assets/Shaders/Blur Material.mat
  artifactKey: Guid(0901ea294e07de14aa3bb4e8b83985c3) Importer(815301076,1909f56bfc062723c751e8b465ee728b)
Start importing Assets/Shaders/Blur Material.mat using Guid(0901ea294e07de14aa3bb4e8b83985c3) Importer(815301076,1909f56bfc062723c751e8b465ee728b)  -> (artifact id: 'b1e3702d950220d13b4328ce65141d5f') in 0.190954 seconds
  Import took 0.197334 seconds .

========================================================================
Received Import Request.
  Time since last request: 14.405593 seconds.
  path: Assets/VFX_Impact.vfx
  artifactKey: Guid(397f0b74be7fb2b4386eee5512a2fbe9) Importer(815301076,1909f56bfc062723c751e8b465ee728b)
Start importing Assets/VFX_Impact.vfx using Guid(397f0b74be7fb2b4386eee5512a2fbe9) Importer(815301076,1909f56bfc062723c751e8b465ee728b)  -> (artifact id: '0fa389c5efee72b2b7620fd75faf4d70') in 0.007476 seconds
  Import took 0.013670 seconds .

========================================================================
Received Import Request.
  Time since last request: 0.000332 seconds.
  path: Assets/VFX_Trail.vfx
  artifactKey: Guid(ee3627929653d8c4ebc110251c6bda5a) Importer(815301076,1909f56bfc062723c751e8b465ee728b)
Start importing Assets/VFX_Trail.vfx using Guid(ee3627929653d8c4ebc110251c6bda5a) Importer(815301076,1909f56bfc062723c751e8b465ee728b)  -> (artifact id: 'c82bc0cd35764df6d77d7e45f375cd54') in 0.003485 seconds
  Import took 0.009530 seconds .

========================================================================
Received Import Request.
  Time since last request: 19.845265 seconds.
  path: Assets/VFX
  artifactKey: Guid(f9ceec57953c70c489c3c9e1370243f1) Importer(815301076,1909f56bfc062723c751e8b465ee728b)
Start importing Assets/VFX using Guid(f9ceec57953c70c489c3c9e1370243f1) Importer(815301076,1909f56bfc062723c751e8b465ee728b)  -> (artifact id: '3c64cb1e4c795e398416348a9fa08e80') in 0.002883 seconds
  Import took 0.009536 seconds .

========================================================================
Received Import Request.
  Time since last request: 19.334040 seconds.
  path: Assets/Scenes/VFX Demo.unity
  artifactKey: Guid(124368c5a75ac5647abf053ea99412c6) Importer(815301076,1909f56bfc062723c751e8b465ee728b)
Start importing Assets/Scenes/VFX Demo.unity using Guid(124368c5a75ac5647abf053ea99412c6) Importer(815301076,1909f56bfc062723c751e8b465ee728b)  -> (artifact id: '60e1d6af427fa543305a1d3460805d99') in 0.003069 seconds
  Import took 0.009704 seconds .

========================================================================
Received Import Request.
  Time since last request: 0.004082 seconds.
  path: Assets/Scenes/VFX Demo.unity
  artifactKey: Guid(124368c5a75ac5647abf053ea99412c6) Importer(815301076,1909f56bfc062723c751e8b465ee728b)
Start importing Assets/Scenes/VFX Demo.unity using Guid(124368c5a75ac5647abf053ea99412c6) Importer(815301076,1909f56bfc062723c751e8b465ee728b)  -> (artifact id: '60e1d6af427fa543305a1d3460805d99') in 0.002573 seconds
  Import took 0.007618 seconds .

========================================================================
Received Import Request.
  Time since last request: 16.167454 seconds.
  path: Assets/Scenes/mappi.unity
  artifactKey: Guid(d3d36cc35c0d6c54eb855e2040f4cc2d) Importer(815301076,1909f56bfc062723c751e8b465ee728b)
Start importing Assets/Scenes/mappi.unity using Guid(d3d36cc35c0d6c54eb855e2040f4cc2d) Importer(815301076,1909f56bfc062723c751e8b465ee728b)  -> (artifact id: 'bdcc7cfc5f79042320b438dbeda21de8') in 0.002570 seconds
  Import took 0.008282 seconds .

========================================================================
Received Import Request.
  Time since last request: 174.058616 seconds.
  path: Assets/VFX/VFX_Impact.vfx
  artifactKey: Guid(397f0b74be7fb2b4386eee5512a2fbe9) Importer(815301076,1909f56bfc062723c751e8b465ee728b)
Start importing Assets/VFX/VFX_Impact.vfx using Guid(397f0b74be7fb2b4386eee5512a2fbe9) Importer(815301076,1909f56bfc062723c751e8b465ee728b)  -> (artifact id: '24eaa46e3adbb1245835aa11762475f5') in 0.007944 seconds
  Import took 0.019946 seconds .

========================================================================
Received Import Request.
  Time since last request: 31.465273 seconds.
  path: Assets/VFX/VFX_Impact.vfx
  artifactKey: Guid(397f0b74be7fb2b4386eee5512a2fbe9) Importer(815301076,1909f56bfc062723c751e8b465ee728b)
Start importing Assets/VFX/VFX_Impact.vfx using Guid(397f0b74be7fb2b4386eee5512a2fbe9) Importer(815301076,1909f56bfc062723c751e8b465ee728b)  -> (artifact id: '722748a624137bef8dbb032c2d95aac6') in 0.005112 seconds
  Import took 0.010705 seconds .

========================================================================
Received Import Request.
  Time since last request: 0.005761 seconds.
  path: Assets/VFX/VFX_Impact.vfx
  artifactKey: Guid(397f0b74be7fb2b4386eee5512a2fbe9) Importer(815301076,1909f56bfc062723c751e8b465ee728b)
Start importing Assets/VFX/VFX_Impact.vfx using Guid(397f0b74be7fb2b4386eee5512a2fbe9) Importer(815301076,1909f56bfc062723c751e8b465ee728b)  -> (artifact id: '722748a624137bef8dbb032c2d95aac6') in 0.005143 seconds
  Import took 0.010724 seconds .

AssetImportWorkerClient::OnTransportError - code=2 error=End of file
